nohup: nohup: /var/tmp/logd: No such file or directory
/var/tmp/logd: No such file or directory
nohup: /var/tmp/logd: No such file or directory
nohup: nohup: /var/tmp/logd: /var/tmp/logd: No such file or directory
No such file or directory
nohup: /var/tmp/logd: No such file or directory
nohup: /var/tmp/logd: No such file or directory
nohup: /var/tmp/logd: No such file or directory
nohup: /var/tmp/logd: No such file or directory
nohup: /var/tmp/logd: No such file or directory
nohup: /var/tmp/logd: No such file or directory
nohup: /var/tmp/logd: No such file or directory
nohup: /var/tmp/logd: No such file or directory
nohup: /var/tmp/logd: No such file or directory
nohup: /var/tmp/logd: No such file or directory
nohup: /var/tmp/logd: No such file or directory
nohup: /var/tmp/logd: No such file or directory
nohup: /var/tmp/logd: No such file or directory
nohup: /var/tmp/logd: No such file or directory
nohup: /var/tmp/logd: No such file or directory
nohup: /var/tmp/logd: No such file or directory
nohup: /var/tmp/logd: No such file or directory
nohup: /var/tmp/logd: No such file or directory
nohup: /var/tmp/logd: No such file or directory
nohup: /var/tmp/logd: No such file or directory
nohup: /var/tmp/logd: No such file or directory
nohup: /var/tmp/logd: No such file or directory
nohup: /var/tmp/logd: No such file or directory
nohup: /var/tmp/logd: No such file or directory
nohup: /var/tmp/logd: No such file or directory
nohup: /var/tmp/logd: No such file or directory
nohup: /var/tmp/logd: No such file or directory
nohup: /var/tmp/logd: No such file or directory
nohup: /var/tmp/logd: No such file or directory
nohup: nohup: /var/tmp/logd/var/tmp/logd: : No such file or directory
No such file or directory
nohup: /var/tmp/logd: No such file or directory
nohup: /var/tmp/logd: No such file or directory
nohup: /var/tmp/logd: No such file or directory
nohup: /var/tmp/logd: No such file or directory
nohup: /var/tmp/logd: No such file or directory
nohup: /var/tmp/logd: No such file or directory
nohup: /var/tmp/logd: No such file or directory
nohup: /var/tmp/logd: No such file or directory
nohup: /var/tmp/logd: No such file or directory
nohup: /var/tmp/logd: No such file or directory
nohup: nohup: /var/tmp/logd: No such file or directory
/var/tmp/logd: No such file or directory
nohup: /var/tmp/logd: No such file or directory
nohup: /var/tmp/logd: No such file or directory
nohup: /var/tmp/logd: No such file or directory
nohup: /var/tmp/logd: No such file or directory
nohup: /var/tmp/logd: No such file or directory
nohup: /var/tmp/logd: No such file or directory
nohup: /var/tmp/logd: No such file or directory
nohup: /var/tmp/logd: No such file or directory
nohup: /var/tmp/logd: No such file or directory
nohup: /var/tmp/logd: No such file or directory
nohup: /var/tmp/logd: No such file or directory
nohup: nohup: /var/tmp/logd: No such file or directory
/var/tmp/logd: No such file or directory
nohup: /var/tmp/logd: No such file or directory
nohup: /var/tmp/logd: No such file or directory
nohup: nohup: /var/tmp/logd/var/tmp/logd: : No such file or directory
No such file or directory
nohup: /var/tmp/logd: No such file or directory
nohup: /var/tmp/logd: No such file or directory
nohup: /var/tmp/logd: No such file or directory
nohup: /var/tmp/logd: No such file or directory
nohup: nohup: /var/tmp/logd: /var/tmp/logd: nohup: No such file or directory
No such file or directory
/var/tmp/logd: No such file or directory
nohup: /var/tmp/logd: No such file or directory
nohup: /var/tmp/logd: No such file or directory
nohup: /var/tmp/logd: No such file or directory
nohup: /var/tmp/logd: No such file or directory
nohup: /var/tmp/logd: No such file or directory
nohup: /var/tmp/logd: No such file or directory
nohup: /var/tmp/logd: No such file or directory
nohup: /var/tmp/logd: No such file or directory
nohup: /var/tmp/logd: No such file or directory
nohup: /var/tmp/logd: No such file or directory
nohup: /var/tmp/logd: No such file or directory
nohup: nohup: /var/tmp/logd/var/tmp/logd: : No such file or directory
No such file or directory
nohup: /var/tmp/logd: No such file or directory
nohup: /var/tmp/logd: No such file or directory
nohup: /var/tmp/logd: No such file or directory
nohup: /var/tmp/logd: No such file or directory
nohup: /var/tmp/logd: No such file or directory
nohup: nohup: /var/tmp/logd/var/tmp/logd: : No such file or directory
No such file or directory
